<?xml version="1.0" encoding="UTF-8"?>
<!-- Generated by org.testng.reporters.JUnitReportReporter -->
<testsuite hostname="Devil-World-1999JAN" failures="0" tests="1" name="BS_testcases.singUp_Test" time="5.355" errors="0" timestamp="2022-12-20T12:15:32 IST" skipped="0">
  <testcase classname="BS_testcases.singUp_Test" name="singupTest" time="5.355"/>
  <system-out/>
</testsuite> <!-- BS_testcases.singUp_Test -->
