<?xml version="1.0" encoding="UTF-8"?>
<!-- Generated by org.testng.reporters.JUnitReportReporter -->
<testsuite hostname="Devil-World-1999JAN" failures="0" tests="2" name="BS_testcases.dataProvider_exaple" time="10.643" errors="0" timestamp="2022-12-14T12:19:02 IST" skipped="0">
  <testcase classname="BS_testcases.dataProvider_exaple" name="login" time="2.624"/>
  <system-out/>
  <testcase classname="BS_testcases.dataProvider_exaple" name="login" time="8.019"/>
  <system-out/>
</testsuite> <!-- BS_testcases.dataProvider_exaple -->
