<?xml version="1.0" encoding="UTF-8"?>
<!-- Generated by org.testng.reporters.JUnitReportReporter -->
<testsuite hostname="Devil-World-1999JAN" failures="0" tests="5" name="BS_testcases.forgetPass_Test" time="91.803" errors="0" timestamp="2022-12-20T12:15:32 IST" skipped="0">
  <testcase classname="BS_testcases.forgetPass_Test" name="frgtPass_email" time="18.206"/>
  <system-out/>
  <testcase classname="BS_testcases.forgetPass_Test" name="frgtPass_email" time="18.446"/>
  <system-out/>
  <testcase classname="BS_testcases.forgetPass_Test" name="frgtPass_email" time="18.277"/>
  <system-out/>
  <testcase classname="BS_testcases.forgetPass_Test" name="frgtPass_email" time="18.798"/>
  <system-out/>
  <testcase classname="BS_testcases.forgetPass_Test" name="frgtPass_email" time="18.076"/>
  <system-out/>
</testsuite> <!-- BS_testcases.forgetPass_Test -->
