<?xml version="1.0" encoding="UTF-8"?>
<!-- Generated by org.testng.reporters.JUnitReportReporter -->
<testsuite hostname="Devil-World-1999JAN" failures="0" tests="1" name="BS_testcases.homePage_Test" time="35.026" errors="0" timestamp="2022-12-20T12:15:32 IST" skipped="0">
  <testcase classname="BS_testcases.homePage_Test" name="singleUserHomePageTest" time="35.026"/>
  <system-out/>
</testsuite> <!-- BS_testcases.homePage_Test -->
